This is pdfTeX, Version 3.141592653-2.6-1.40.24 (TeX Live 2022) (preloaded format=pdflatex 2022.11.7)  9 NOV 2022 10:58
entering extended mode
 restricted \write18 enabled.
 %&-line parsing enabled.
**ms.tex
(./ms.tex
LaTeX2e <2022-11-01>
L3 programming layer <2022-11-02> (./interact.cls
Document Class: interact 2016/10/17 v1.03 Interact LaTeX document class
(c:/Users/seldenjrz/AppData/Roaming/TinyTeX/texmf-dist/tex/latex/base/article.cls
Document Class: article 2022/07/02 v1.4n Standard LaTeX document class
(c:/Users/seldenjrz/AppData/Roaming/TinyTeX/texmf-dist/tex/latex/base/size11.clo
File: size11.clo 2022/07/02 v1.4n Standard LaTeX file (size option)
)
\c@part=\count185
\c@section=\count186
\c@subsection=\count187
\c@subsubsection=\count188
\c@paragraph=\count189
\c@subparagraph=\count190
\c@figure=\count191
\c@table=\count192
\abovecaptionskip=\skip47
\belowcaptionskip=\skip48
\bibindent=\dimen140
) (c:/Users/seldenjrz/AppData/Roaming/TinyTeX/texmf-dist/tex/latex/amsmath/amsmath.sty
Package: amsmath 2022/04/08 v2.17n AMS math features
\@mathmargin=\skip49
For additional information on amsmath, use the `?' option.
(c:/Users/seldenjrz/AppData/Roaming/TinyTeX/texmf-dist/tex/latex/amsmath/amstext.sty
Package: amstext 2021/08/26 v2.01 AMS text
(c:/Users/seldenjrz/AppData/Roaming/TinyTeX/texmf-dist/tex/latex/amsmath/amsgen.sty
File: amsgen.sty 1999/11/30 v2.0 generic functions
\@emptytoks=\toks16
\ex@=\dimen141
)) (c:/Users/seldenjrz/AppData/Roaming/TinyTeX/texmf-dist/tex/latex/amsmath/amsbsy.sty
Package: amsbsy 1999/11/29 v1.2d Bold Symbols
\pmbraise@=\dimen142
) (c:/Users/seldenjrz/AppData/Roaming/TinyTeX/texmf-dist/tex/latex/amsmath/amsopn.sty
Package: amsopn 2022/04/08 v2.04 operator names
)
\inf@bad=\count193
LaTeX Info: Redefining \frac on input line 234.
\uproot@=\count194
\leftroot@=\count195
LaTeX Info: Redefining \overline on input line 399.
LaTeX Info: Redefining \colon on input line 410.
\classnum@=\count196
\DOTSCASE@=\count197
LaTeX Info: Redefining \ldots on input line 496.
LaTeX Info: Redefining \dots on input line 499.
LaTeX Info: Redefining \cdots on input line 620.
\Mathstrutbox@=\box51
\strutbox@=\box52
LaTeX Info: Redefining \big on input line 722.
LaTeX Info: Redefining \Big on input line 723.
LaTeX Info: Redefining \bigg on input line 724.
LaTeX Info: Redefining \Bigg on input line 725.
\big@size=\dimen143
LaTeX Font Info:    Redeclaring font encoding OML on input line 743.
LaTeX Font Info:    Redeclaring font encoding OMS on input line 744.
\macc@depth=\count198
LaTeX Info: Redefining \bmod on input line 905.
LaTeX Info: Redefining \pmod on input line 910.
LaTeX Info: Redefining \smash on input line 940.
LaTeX Info: Redefining \relbar on input line 970.
LaTeX Info: Redefining \Relbar on input line 971.
\c@MaxMatrixCols=\count199
\dotsspace@=\muskip16
\c@parentequation=\count266
\dspbrk@lvl=\count267
\tag@help=\toks17
\row@=\count268
\column@=\count269
\maxfields@=\count270
\andhelp@=\toks18
\eqnshift@=\dimen144
\alignsep@=\dimen145
\tagshift@=\dimen146
\tagwidth@=\dimen147
\totwidth@=\dimen148
\lineht@=\dimen149
\@envbody=\toks19
\multlinegap=\skip50
\multlinetaggap=\skip51
\mathdisplay@stack=\toks20
LaTeX Info: Redefining \[ on input line 2953.
LaTeX Info: Redefining \] on input line 2954.
) (c:/Users/seldenjrz/AppData/Roaming/TinyTeX/texmf-dist/tex/latex/amsfonts/amssymb.sty
Package: amssymb 2013/01/14 v3.01 AMS font symbols
(c:/Users/seldenjrz/AppData/Roaming/TinyTeX/texmf-dist/tex/latex/amsfonts/amsfonts.sty
Package: amsfonts 2013/01/14 v3.01 Basic AMSFonts support
\symAMSa=\mathgroup4
\symAMSb=\mathgroup5
LaTeX Font Info:    Redeclaring math symbol \hbar on input line 98.
LaTeX Font Info:    Overwriting math alphabet `\mathfrak' in version `bold'
(Font)                  U/euf/m/n --> U/euf/b/n on input line 106.
)) (c:/Users/seldenjrz/AppData/Roaming/TinyTeX/texmf-dist/tex/latex/amscls/amsthm.sty
Package: amsthm 2020/05/29 v2.20.6
\thm@style=\toks21
\thm@bodyfont=\toks22
\thm@headfont=\toks23
\thm@notefont=\toks24
\thm@headpunct=\toks25
\thm@preskip=\skip52
\thm@postskip=\skip53
\thm@headsep=\skip54
\dth@everypar=\toks26
) (c:/Users/seldenjrz/AppData/Roaming/TinyTeX/texmf-dist/tex/latex/booktabs/booktabs.sty
Package: booktabs 2020/01/12 v1.61803398 Publication quality tables
\heavyrulewidth=\dimen150
\lightrulewidth=\dimen151
\cmidrulewidth=\dimen152
\belowrulesep=\dimen153
\belowbottomsep=\dimen154
\aboverulesep=\dimen155
\abovetopsep=\dimen156
\cmidrulesep=\dimen157
\cmidrulekern=\dimen158
\defaultaddspace=\dimen159
\@cmidla=\count271
\@cmidlb=\count272
\@aboverulesep=\dimen160
\@belowrulesep=\dimen161
\@thisruleclass=\count273
\@lastruleclass=\count274
\@thisrulewidth=\dimen162
) (c:/Users/seldenjrz/AppData/Roaming/TinyTeX/texmf-dist/tex/latex/graphics/epsfig.sty
Package: epsfig 2017/06/25 v1.7b (e)psfig emulation (SPQR)
(c:/Users/seldenjrz/AppData/Roaming/TinyTeX/texmf-dist/tex/latex/graphics/graphicx.sty
Package: graphicx 2021/09/16 v1.2d Enhanced LaTeX Graphics (DPC,SPQR)
(c:/Users/seldenjrz/AppData/Roaming/TinyTeX/texmf-dist/tex/latex/graphics/keyval.sty
Package: keyval 2022/05/29 v1.15 key=value parser (DPC)
\KV@toks@=\toks27
) (c:/Users/seldenjrz/AppData/Roaming/TinyTeX/texmf-dist/tex/latex/graphics/graphics.sty
Package: graphics 2022/03/10 v1.4e Standard LaTeX Graphics (DPC,SPQR)
(c:/Users/seldenjrz/AppData/Roaming/TinyTeX/texmf-dist/tex/latex/graphics/trig.sty
Package: trig 2021/08/11 v1.11 sin cos tan (DPC)
) (c:/Users/seldenjrz/AppData/Roaming/TinyTeX/texmf-dist/tex/latex/graphics-cfg/graphics.cfg
File: graphics.cfg 2016/06/04 v1.11 sample graphics configuration
)
Package graphics Info: Driver file: pdftex.def on input line 107.
(c:/Users/seldenjrz/AppData/Roaming/TinyTeX/texmf-dist/tex/latex/graphics-def/pdftex.def
File: pdftex.def 2022/09/22 v1.2b Graphics/color driver for pdftex
))
\Gin@req@height=\dimen163
\Gin@req@width=\dimen164
)
\epsfxsize=\dimen165
\epsfysize=\dimen166
) (c:/Users/seldenjrz/AppData/Roaming/TinyTeX/texmf-dist/tex/latex/graphics/rotating.sty
Package: rotating 2016/08/11 v2.16d rotated objects in LaTeX
(c:/Users/seldenjrz/AppData/Roaming/TinyTeX/texmf-dist/tex/latex/base/ifthen.sty
Package: ifthen 2022/04/13 v1.1d Standard LaTeX ifthen package (DPC)
)
\c@r@tfl@t=\count275
\rotFPtop=\skip55
\rotFPbot=\skip56
\rot@float@box=\box53
\rot@mess@toks=\toks28
) (c:/Users/seldenjrz/AppData/Roaming/TinyTeX/texmf-dist/tex/latex/geometry/geometry.sty
Package: geometry 2020/01/02 v5.9 Page Geometry
(c:/Users/seldenjrz/AppData/Roaming/TinyTeX/texmf-dist/tex/generic/iftex/ifvtex.sty
Package: ifvtex 2019/10/25 v1.7 ifvtex legacy package. Use iftex instead.
(c:/Users/seldenjrz/AppData/Roaming/TinyTeX/texmf-dist/tex/generic/iftex/iftex.sty
Package: iftex 2022/02/03 v1.0f TeX engine tests
))
\Gm@cnth=\count276
\Gm@cntv=\count277
\c@Gm@tempcnt=\count278
\Gm@bindingoffset=\dimen167
\Gm@wd@mp=\dimen168
\Gm@odd@mp=\dimen169
\Gm@even@mp=\dimen170
\Gm@layoutwidth=\dimen171
\Gm@layoutheight=\dimen172
\Gm@layouthoffset=\dimen173
\Gm@layoutvoffset=\dimen174
\Gm@dimlist=\toks29
)
\c@mv@upright=\count279
\c@mv@boldupright=\count280
LaTeX Font Info:    Overwriting symbol font `letters' in version `upright'
(Font)                  OML/cmm/m/it --> OML/eur/m/n on input line 163.
LaTeX Font Info:    Overwriting symbol font `letters' in version `boldupright'
(Font)                  OML/cmm/m/it --> OML/eur/b/n on input line 164.
\figheight=\dimen175
\figwidth=\dimen176
\tabledim=\dimen177
\LabelSep=\dimen178
\TopSep=\skip57
) (c:/Users/seldenjrz/AppData/Roaming/TinyTeX/texmf-dist/tex/latex/epstopdf-pkg/epstopdf.sty
Package: epstopdf 2020-01-24 v2.11 Conversion with epstopdf on the fly (HO)
(c:/Users/seldenjrz/AppData/Roaming/TinyTeX/texmf-dist/tex/generic/infwarerr/infwarerr.sty
Package: infwarerr 2019/12/03 v1.5 Providing info/warning/error messages (HO)
) (c:/Users/seldenjrz/AppData/Roaming/TinyTeX/texmf-dist/tex/latex/grfext/grfext.sty
Package: grfext 2019/12/03 v1.3 Manage graphics extensions (HO)
(c:/Users/seldenjrz/AppData/Roaming/TinyTeX/texmf-dist/tex/generic/kvdefinekeys/kvdefinekeys.sty
Package: kvdefinekeys 2019-12-19 v1.6 Define keys (HO)
)) (c:/Users/seldenjrz/AppData/Roaming/TinyTeX/texmf-dist/tex/latex/kvoptions/kvoptions.sty
Package: kvoptions 2022-06-15 v3.15 Key value format for package options (HO)
(c:/Users/seldenjrz/AppData/Roaming/TinyTeX/texmf-dist/tex/generic/ltxcmds/ltxcmds.sty
Package: ltxcmds 2020-05-10 v1.25 LaTeX kernel commands for general use (HO)
) (c:/Users/seldenjrz/AppData/Roaming/TinyTeX/texmf-dist/tex/latex/kvsetkeys/kvsetkeys.sty
Package: kvsetkeys 2022-10-05 v1.19 Key value parser (HO)
)) (c:/Users/seldenjrz/AppData/Roaming/TinyTeX/texmf-dist/tex/generic/pdftexcmds/pdftexcmds.sty
Package: pdftexcmds 2020-06-27 v0.33 Utility functions of pdfTeX for LuaTeX (HO)
Package pdftexcmds Info: \pdf@primitive is available.
Package pdftexcmds Info: \pdf@ifprimitive is available.
Package pdftexcmds Info: \pdfdraftmode found.
) (c:/Users/seldenjrz/AppData/Roaming/TinyTeX/texmf-dist/tex/latex/epstopdf-pkg/epstopdf-base.sty
Package: epstopdf-base 2020-01-24 v2.11 Base part for package epstopdf
Package epstopdf-base Info: Redefining graphics rule for `.eps' on input line 485.
Package grfext Info: Graphics extension search list:
(grfext)             [.pdf,.png,.jpg,.mps,.jpeg,.jbig2,.jb2,.PDF,.PNG,.JPG,.JPEG,.JBIG2,.JB2,.eps]
(grfext)             \AppendGraphicsExtensions on input line 504.
(c:/Users/seldenjrz/AppData/Roaming/TinyTeX/texmf-dist/tex/latex/latexconfig/epstopdf-sys.cfg
File: epstopdf-sys.cfg 2010/07/13 v1.3 Configuration of (r)epstopdf for TeX Live
))) (c:/Users/seldenjrz/AppData/Roaming/TinyTeX/texmf-dist/tex/latex/subfigure/subfigure.sty
Package: subfigure 2002/03/15 v2.1.5 subfigure package
\subfigtopskip=\skip58
\subfigcapskip=\skip59
\subfigcaptopadj=\dimen179
\subfigbottomskip=\skip60
\subfigcapmargin=\dimen180
\subfiglabelskip=\skip61
\c@subfigure=\count281
\c@lofdepth=\count282
\c@subtable=\count283
\c@lotdepth=\count284
****************************************
* Local config file subfigure.cfg used *
****************************************
(c:/Users/seldenjrz/AppData/Roaming/TinyTeX/texmf-dist/tex/latex/subfigure/subfigure.cfg)
\subfig@top=\skip62
\subfig@bottom=\skip63
) (c:/Users/seldenjrz/AppData/Roaming/TinyTeX/texmf-dist/tex/latex/natbib/natbib.sty
Package: natbib 2010/09/13 8.31b (PWD, AO)
\bibhang=\skip64
\bibsep=\skip65
LaTeX Info: Redefining \cite on input line 694.
\c@NAT@ctr=\count285
)
\c@theorem=\count286
\c@remark=\count287
\c@notation=\count288
(c:/Users/seldenjrz/AppData/Roaming/TinyTeX/texmf-dist/tex/latex/hyperref/hyperref.sty
Package: hyperref 2022-09-22 v7.00t Hypertext links for LaTeX
(c:/Users/seldenjrz/AppData/Roaming/TinyTeX/texmf-dist/tex/generic/pdfescape/pdfescape.sty
Package: pdfescape 2019/12/09 v1.15 Implements pdfTeX's escape features (HO)
) (c:/Users/seldenjrz/AppData/Roaming/TinyTeX/texmf-dist/tex/latex/hycolor/hycolor.sty
Package: hycolor 2020-01-27 v1.10 Color options for hyperref/bookmark (HO)
) (c:/Users/seldenjrz/AppData/Roaming/TinyTeX/texmf-dist/tex/latex/letltxmacro/letltxmacro.sty
Package: letltxmacro 2019/12/03 v1.6 Let assignment for LaTeX macros (HO)
) (c:/Users/seldenjrz/AppData/Roaming/TinyTeX/texmf-dist/tex/latex/auxhook/auxhook.sty
Package: auxhook 2019-12-17 v1.6 Hooks for auxiliary files (HO)
) (c:/Users/seldenjrz/AppData/Roaming/TinyTeX/texmf-dist/tex/latex/hyperref/nameref.sty
Package: nameref 2022-05-17 v2.50 Cross-referencing by name of section
(c:/Users/seldenjrz/AppData/Roaming/TinyTeX/texmf-dist/tex/latex/refcount/refcount.sty
Package: refcount 2019/12/15 v3.6 Data extraction from label references (HO)
) (c:/Users/seldenjrz/AppData/Roaming/TinyTeX/texmf-dist/tex/generic/gettitlestring/gettitlestring.sty
Package: gettitlestring 2019/12/15 v1.6 Cleanup title references (HO)
)
\c@section@level=\count289
)
\@linkdim=\dimen181
\Hy@linkcounter=\count290
\Hy@pagecounter=\count291
(c:/Users/seldenjrz/AppData/Roaming/TinyTeX/texmf-dist/tex/latex/hyperref/pd1enc.def
File: pd1enc.def 2022-09-22 v7.00t Hyperref: PDFDocEncoding definition (HO)
Now handling font encoding PD1 ...
... no UTF-8 mapping file for font encoding PD1
) (c:/Users/seldenjrz/AppData/Roaming/TinyTeX/texmf-dist/tex/generic/intcalc/intcalc.sty
Package: intcalc 2019/12/15 v1.3 Expandable calculations with integers (HO)
) (c:/Users/seldenjrz/AppData/Roaming/TinyTeX/texmf-dist/tex/generic/etexcmds/etexcmds.sty
Package: etexcmds 2019/12/15 v1.7 Avoid name clashes with e-TeX commands (HO)
)
\Hy@SavedSpaceFactor=\count292
(c:/Users/seldenjrz/AppData/Roaming/TinyTeX/texmf-dist/tex/latex/hyperref/puenc.def
File: puenc.def 2022-09-22 v7.00t Hyperref: PDF Unicode definition (HO)
Now handling font encoding PU ...
... no UTF-8 mapping file for font encoding PU
)
Package hyperref Info: Hyper figures OFF on input line 4162.
Package hyperref Info: Link nesting OFF on input line 4167.
Package hyperref Info: Hyper index ON on input line 4170.
Package hyperref Info: Plain pages OFF on input line 4177.
Package hyperref Info: Backreferencing OFF on input line 4182.
Package hyperref Info: Implicit mode ON; LaTeX internals redefined.
Package hyperref Info: Bookmarks ON on input line 4410.
\c@Hy@tempcnt=\count293
(c:/Users/seldenjrz/AppData/Roaming/TinyTeX/texmf-dist/tex/latex/url/url.sty
\Urlmuskip=\muskip17
Package: url 2013/09/16  ver 3.4  Verb mode for urls, etc.
)
LaTeX Info: Redefining \url on input line 4748.
\XeTeXLinkMargin=\dimen182
(c:/Users/seldenjrz/AppData/Roaming/TinyTeX/texmf-dist/tex/generic/bitset/bitset.sty
Package: bitset 2019/12/09 v1.3 Handle bit-vector datatype (HO)
(c:/Users/seldenjrz/AppData/Roaming/TinyTeX/texmf-dist/tex/generic/bigintcalc/bigintcalc.sty
Package: bigintcalc 2019/12/15 v1.5 Expandable calculations on big integers (HO)
))
\Fld@menulength=\count294
\Field@Width=\dimen183
\Fld@charsize=\dimen184
Package hyperref Info: Hyper figures OFF on input line 6027.
Package hyperref Info: Link nesting OFF on input line 6032.
Package hyperref Info: Hyper index ON on input line 6035.
Package hyperref Info: backreferencing OFF on input line 6042.
Package hyperref Info: Link coloring OFF on input line 6047.
Package hyperref Info: Link coloring with OCG OFF on input line 6052.
Package hyperref Info: PDF/A mode OFF on input line 6057.
(c:/Users/seldenjrz/AppData/Roaming/TinyTeX/texmf-dist/tex/latex/base/atbegshi-ltx.sty
Package: atbegshi-ltx 2021/01/10 v1.0c Emulation of the original atbegshi
package with kernel methods
)
\Hy@abspage=\count295
\c@Item=\count296
\c@Hfootnote=\count297
)
Package hyperref Info: Driver (autodetected): hpdftex.
(c:/Users/seldenjrz/AppData/Roaming/TinyTeX/texmf-dist/tex/latex/hyperref/hpdftex.def
File: hpdftex.def 2022-09-22 v7.00t Hyperref driver for pdfTeX
(c:/Users/seldenjrz/AppData/Roaming/TinyTeX/texmf-dist/tex/latex/base/atveryend-ltx.sty
Package: atveryend-ltx 2020/08/19 v1.0a Emulation of the original atveryend package
with kernel methods
)
\Fld@listcount=\count298
\c@bookmark@seq@number=\count299
(c:/Users/seldenjrz/AppData/Roaming/TinyTeX/texmf-dist/tex/latex/rerunfilecheck/rerunfilecheck.sty
Package: rerunfilecheck 2022-07-10 v1.10 Rerun checks for auxiliary files (HO)
(c:/Users/seldenjrz/AppData/Roaming/TinyTeX/texmf-dist/tex/generic/uniquecounter/uniquecounter.sty
Package: uniquecounter 2019/12/15 v1.4 Provide unlimited unique counter (HO)
)
Package uniquecounter Info: New unique counter `rerunfilecheck' on input line 285.
)
\Hy@SectionHShift=\skip66
) (c:/Users/seldenjrz/AppData/Roaming/TinyTeX/texmf-dist/tex/latex/base/inputenc.sty
Package: inputenc 2021/02/14 v1.3d Input encoding file
\inpenc@prehook=\toks30
\inpenc@posthook=\toks31
) (c:/Users/seldenjrz/AppData/Roaming/TinyTeX/texmf-dist/tex/latex/l3backend/l3backend-pdftex.def
File: l3backend-pdftex.def 2022-10-26 L3 backend support: PDF output (pdfTeX)
\l__color_backend_stack_int=\count300
\l__pdf_internal_box=\box54
) (./ms.aux)
\openout1 = `ms.aux'.

LaTeX Font Info:    Checking defaults for OML/cmm/m/it on input line 40.
LaTeX Font Info:    ... okay on input line 40.
LaTeX Font Info:    Checking defaults for OMS/cmsy/m/n on input line 40.
LaTeX Font Info:    ... okay on input line 40.
LaTeX Font Info:    Checking defaults for OT1/cmr/m/n on input line 40.
LaTeX Font Info:    ... okay on input line 40.
LaTeX Font Info:    Checking defaults for T1/cmr/m/n on input line 40.
LaTeX Font Info:    ... okay on input line 40.
LaTeX Font Info:    Checking defaults for TS1/cmr/m/n on input line 40.
LaTeX Font Info:    ... okay on input line 40.
LaTeX Font Info:    Checking defaults for OMX/cmex/m/n on input line 40.
LaTeX Font Info:    ... okay on input line 40.
LaTeX Font Info:    Checking defaults for U/cmr/m/n on input line 40.
LaTeX Font Info:    ... okay on input line 40.
LaTeX Font Info:    Checking defaults for PD1/pdf/m/n on input line 40.
LaTeX Font Info:    ... okay on input line 40.
LaTeX Font Info:    Checking defaults for PU/pdf/m/n on input line 40.
LaTeX Font Info:    ... okay on input line 40.
*geometry* driver: auto-detecting
*geometry* detected driver: pdftex
*geometry* verbose mode - [ preamble ] result:
* driver: pdftex
* paper: <default>
* layout: <same size as paper>
* layoutoffset:(h,v)=(0.0pt,0.0pt)
* modes: 
* h-part:(L,W,R)=(94.75394pt, 408.0pt, 94.75394pt)
* v-part:(T,H,B)=(78.01874pt, 650.0pt, 117.0281pt)
* \paperwidth=597.50787pt
* \paperheight=845.04684pt
* \textwidth=408.0pt
* \textheight=650.0pt
* \oddsidemargin=22.48395pt
* \evensidemargin=22.48395pt
* \topmargin=-31.25125pt
* \headheight=12.0pt
* \headsep=25.0pt
* \topskip=11.0pt
* \footskip=30.0pt
* \marginparwidth=50.0pt
* \marginparsep=10.0pt
* \columnsep=12.0pt
* \skip\footins=10.0pt plus 4.0pt minus 2.0pt
* \hoffset=0.0pt
* \voffset=0.0pt
* \mag=1000
* \@twocolumnfalse
* \@twosidefalse
* \@mparswitchfalse
* \@reversemarginfalse
* (1in=72.27pt=25.4mm, 1cm=28.453pt)

Package hyperref Info: Link coloring OFF on input line 40.
(./ms.out) (./ms.out)
\@outlinefile=\write3
\openout3 = `ms.out'.


LaTeX Font Warning: Font shape `OT1/cmr/m/n' in size <13> not available
(Font)              size <12> substituted on input line 70.


LaTeX Font Warning: Font shape `OT1/cmr/bx/n' in size <13> not available
(Font)              size <12> substituted on input line 70.

LaTeX Font Info:    Calculating math sizes for size <11> on input line 70.

LaTeX Font Warning: Font shape `OT1/cmr/m/n' in size <5.5> not available
(Font)              size <5> substituted on input line 70.


LaTeX Font Warning: Font shape `OML/cmm/m/it' in size <5.5> not available
(Font)              size <5> substituted on input line 70.


LaTeX Font Warning: Font shape `OMS/cmsy/m/n' in size <5.5> not available
(Font)              size <5> substituted on input line 70.

LaTeX Font Info:    Trying to load font information for U+msa on input line 70.
(c:/Users/seldenjrz/AppData/Roaming/TinyTeX/texmf-dist/tex/latex/amsfonts/umsa.fd
File: umsa.fd 2013/01/14 v3.01 AMS symbols A
)
LaTeX Font Info:    Trying to load font information for U+msb on input line 70.
(c:/Users/seldenjrz/AppData/Roaming/TinyTeX/texmf-dist/tex/latex/amsfonts/umsb.fd
File: umsb.fd 2013/01/14 v3.01 AMS symbols B
) [1



{c:/Users/seldenjrz/AppData/Roaming/TinyTeX/texmf-var/fonts/map/pdftex/updmap/pdftex.map}] [2] [3] [4] [5] [6] [7] [8]
<figs/linear.fig.png, id=275, 794.97pt x 1273.1565pt>
File: figs/linear.fig.png Graphic file (type png)
<use figs/linear.fig.png>
Package pdftex.def Info: figs/linear.fig.png  used on input line 588.
(pdftex.def)             Requested size: 408.0pt x 653.43913pt.

LaTeX Warning: Float too large for page by 31.99469pt on input line 591.

[9] [10 <./figs/linear.fig.png

pdfTeX warning: pdflatex.exe (file ./figs/linear.fig.png): large interlaced PNG might cause out of memory (use non-interlaced PNG to fix this)
>] [11]
<figs/gpa.csize.png, id=368, 1299.8964pt x 614.295pt>
File: figs/gpa.csize.png Graphic file (type png)
<use figs/gpa.csize.png>
Package pdftex.def Info: figs/gpa.csize.png  used on input line 712.
(pdftex.def)             Requested size: 408.0pt x 192.81032pt.
<figs/pca-warp-botjar.jpg, id=385, 1272.6747pt x 835.4412pt>
File: figs/pca-warp-botjar.jpg Graphic file (type jpg)
<use figs/pca-warp-botjar.jpg>
Package pdftex.def Info: figs/pca-warp-botjar.jpg  used on input line 729.
(pdftex.def)             Requested size: 408.0pt x 267.83105pt.
[12 <./figs/gpa.csize.png>]
LaTeX Font Info:    Trying to load font information for OML+cmr on input line 748.
(c:/Users/seldenjrz/AppData/Roaming/TinyTeX/texmf-dist/tex/latex/base/omlcmr.fd
File: omlcmr.fd 2022/07/10 v2.5l Standard LaTeX font definitions
)
LaTeX Font Info:    Font shape `OML/cmr/m/n' in size <11> not available
(Font)              Font shape `OML/cmm/m/it' tried instead on input line 748.

Underfull \hbox (badness 2237) in paragraph at lines 747--758
[]\OT1/cmr/m/n/10.95 Vessel shape dif-fers sig-nif-i-cantly be-tween bot-tles and jars (RRPP=10,000,
 []

<figs/mshape.compare.png, id=440, 2358.1701pt x 1815.6633pt>
File: figs/mshape.compare.png Graphic file (type png)
<use figs/mshape.compare.png>
Package pdftex.def Info: figs/mshape.compare.png  used on input line 760.
(pdftex.def)             Requested size: 408.0pt x 314.11652pt.
[13 <./figs/pca-warp-botjar.jpg>] [14 <./figs/mshape.compare.png>] [15] (./ms.bbl
Underfull \hbox (badness 10000) in paragraph at lines 20--25
\OT1/cmtt/m/n/10 2041-[]210X . 12035https : / / besjournals . onlinelibrary . wiley . com / doi / pdfdirect /
 []


Underfull \hbox (badness 3189) in paragraph at lines 27--32
[]\OT1/cmr/m/n/10 Adams, Dean C., F. James Rohlf, and Den-nis E. Slice. 2013. ``A Field Comes
 []


Underfull \hbox (badness 3128) in paragraph at lines 27--32
\OT1/cmr/m/n/10 of Age: Ge-o-met-ric Mor-pho-met-rics in the 21st Cen-tury.'' \OT1/cmr/m/it/10 Hys-trix \OT1/cmr/m/n/10 24 (1): 7--14.
 []


Underfull \hbox (badness 10000) in paragraph at lines 27--32
[]$\OT1/cmtt/m/n/10 http : / / www . italian-[]journal-[]of-[]mammalogy . it / pdf-[]77238-[]13391 ? filename =
 []

[16]
Underfull \hbox (badness 5637) in paragraph at lines 58--61
[]\OT1/cmr/m/n/10 Bingham, Hi-ram. 1915. ``Types of Machu Pic-chu Pot-tery.'' \OT1/cmr/m/it/10 Amer-i-can An-thro-pol-
 []


Underfull \hbox (badness 10000) in paragraph at lines 58--61
\OT1/cmr/m/it/10 o-gist \OT1/cmr/m/n/10 17 (2): 257--271. []$\OT1/cmtt/m/n/10 http : / / onlinelibrary . wiley . com / store / 10 . 1525 / aa .
 []


Underfull \hbox (badness 10000) in paragraph at lines 58--61
\OT1/cmtt/m/n/10 1915 . 17 . 2 . 02a00040 / asset / aa . 1915 . 17 . 2 . 02a00040 . pdf ? v = 1 & t = jbzbev9s & s =
 []


Underfull \hbox (badness 10000) in paragraph at lines 67--70
[]\OT1/cmr/m/n/10 Bookstein, Fred L. 1986. ``Size and Shape Spaces for Land-mark Data
 []


Underfull \hbox (badness 10000) in paragraph at lines 67--70
\OT1/cmr/m/n/10 in Two Di-men-sions.'' \OT1/cmr/m/it/10 Sta-tis-ti-cal Sci-ence \OT1/cmr/m/n/10 1 (2): 181--242. []$\OT1/cmtt/m/n/10 https : / /
 []


Underfull \hbox (badness 10000) in paragraph at lines 67--70
\OT1/cmtt/m/n/10 projecteuclid . org / journals / statistical-[]science / volume-[]1 / issue-[]2 /
 []


Underfull \hbox (badness 10000) in paragraph at lines 67--70
\OT1/cmtt/m/n/10 Size-[]and-[]Shape-[]Spaces-[]for-[]Landmark-[]Data-[]in-[]Two-[]Dimensions / 10 . 1214 / ss /
 []


Underfull \hbox (badness 1460) in paragraph at lines 76--86
\OT1/cmr/m/n/10 in ar-chaic and mod-ern Homo by mor-pho-me-t-ric anal-y-sis.'' \OT1/cmr/m/it/10 The Anatom-i-cal Record
 []


Underfull \hbox (badness 2556) in paragraph at lines 76--86
\OT1/cmr/m/n/10 257 (6): 217--224. Book-stein, F Schafer, K Prossinger, H Sei-dler, H Fieder, M
 []


Underfull \hbox (badness 1776) in paragraph at lines 76--86
\OT1/cmr/m/n/10 15;257(6):217-24. doi: 10.1002/(SICI)1097-0185(19991215)257:6<217::AID-AR7>3.0.CO;2-
 []


Underfull \hbox (badness 10000) in paragraph at lines 76--86
\OT1/cmtt/m/n/10 com / doi / pdfdirect / 10 . 1002 / %28SICI % 291097-[]0185 % 2819991215 % 29257 % 3A6 % 3C217 %
 []


Underfull \hbox (badness 10000) in paragraph at lines 121--124
[]\OT1/cmr/m/n/10 Donnan, Christo-pher B. 1997. ``A Chimu-Inka Ceramic-Manufacturing Cen-
 []


Underfull \hbox (badness 4144) in paragraph at lines 121--124
\OT1/cmr/m/n/10 ter from the North Coast of Peru.'' \OT1/cmr/m/it/10 Latin Amer-i-can An-tiq-uity \OT1/cmr/m/n/10 8 (1): 30--54.
 []


Underfull \hbox (badness 10000) in paragraph at lines 121--124
[]$\OT1/cmtt/m/n/10 https : / / www . cambridge . org / core / journals / latin-[]american-[]antiquity / article /
 []


Underfull \hbox (badness 10000) in paragraph at lines 121--124
\OT1/cmtt/m/n/10 abs / chimuinka-[]ceramicmanufacturing-[]center-[]from-[]the-[]north-[]coast-[]of-[]peru /
 []

[17]
Underfull \hbox (badness 10000) in paragraph at lines 183--187
\OT1/cmtt/m/n/10 / / www . cambridge . org / core / journals / latin-[]american-[]antiquity / article / abs /
 []


Overfull \hbox (70.946pt too wide) in paragraph at lines 183--187
\OT1/cmtt/m/n/10 style-[]technology-[]and-[]state-[]production-[]inka-[]pottery-[]manufacture-[]in-[]the-[]leche-[]valley-[]peru /
 []

[18]
Underfull \hbox (badness 10000) in paragraph at lines 233--237
[]$\OT1/cmtt/m/n/10 https : / / bazhum . muzhp . pl / media / files / Contributions _ in _ New _ World _ Archaeology /
 []


Underfull \hbox (badness 10000) in paragraph at lines 233--237
\OT1/cmtt/m/n/10 Contributions _ in _ New _ World _ Archaeology-[]r1980-[]t-[]n2 / Contributions _ in _
 []


Underfull \hbox (badness 10000) in paragraph at lines 233--237
\OT1/cmtt/m/n/10 New _ World _ Archaeology-[]r1980-[]t-[]n2-[]s63-[]101 / Contributions _ in _ New _ World _
 []


Underfull \hbox (badness 10000) in paragraph at lines 243--248
\OT1/cmr/m/n/10 lish-ing. []$\OT1/cmtt/m/n/10 https : / / d1wqtxts1xzle7 . cloudfront . net / 8262632 / Levine _ 2011-[]libre .
 []


Underfull \hbox (badness 10000) in paragraph at lines 243--248
\OT1/cmtt/m/n/10 pdf ? 1390854781 = &response-[]content-[]disposition = inline % 3B + filename % 3DA _
 []


Underfull \hbox (badness 10000) in paragraph at lines 243--248
\OT1/cmtt/m/n/10 Case _ for _ Local _ Ceramic _ Production _ in _ t . pdf & Expires = 1668012430 & Signature =
 []


Overfull \hbox (1406.68433pt too wide) in paragraph at lines 243--248
\OT1/cmtt/m/n/10 Dr4dkc1X9pnowAUGrOPYM99fWnmXWG8a[]gsfRzw-[]6qK3bSVmrkG6pp6yI3VQW-[]AFVz63DYB5TsT108dx355YVCigzKzYB1x0CCvGdQHQyGNnmQST[]0KdaAfAwO-[]EeQTuls6x0O6tIuKzmzI6RGmHNIYjrohvzuqiAknIwfddVAtg7ihbWsFtEUO1aOOcwDskopqAe1k2cue6MAM6pfch-[]eQzD7oY9kVpVeuoNRlsvUpluBgepqv4YBAJvo3kSCz1kR3JXvE6fDpOhaTot3sFfceiDFq99oAfN3VUaUSVzbHTRnqHaNESmi[]7WIjH-[]aSAcTYm3plfPdR5Zofi8hm-[]JA _
 []


Underfull \hbox (badness 1521) in paragraph at lines 301--307
\OT1/cmr/m/it/10 in Ecol-ogy & Evo-lu-tion \OT1/cmr/m/n/10 8 (4): 129--132. James Rohlf, F Mar-cus, L F eng Eng-
 []


Underfull \hbox (badness 3492) in paragraph at lines 301--307
\OT1/cmr/m/n/10 land Trends Ecol Evol. 1993 Apr;8(4):129-32. doi: 10.1016/0169-5347(93)90024-J.,
 []


Underfull \hbox (badness 10000) in paragraph at lines 301--307
[]$\OT1/cmtt/m/n/10 https : / / www . ncbi . nlm . nih . gov / pubmed / 21236128https : / / www . sciencedirect . com /
 []

[19]
Underfull \hbox (badness 1178) in paragraph at lines 325--329
\OT1/cmr/m/it/10 ence: Re-ports \OT1/cmr/m/n/10 21: 884--896. []$\OT1/cmtt/m/n/10 https : / / www . sciencedirect . com / science / article / abs /
 []


Underfull \hbox (badness 1097) in paragraph at lines 377--381
\OT1/cmr/m/n/10 tery pro-duc-tion on the north coast of Peru.'' \OT1/cmr/m/it/10 Bo-let^^S^^Pn de Ar-que-olog^^S^^Pa PUCP \OT1/cmr/m/n/10 (27):
 []


Underfull \hbox (badness 10000) in paragraph at lines 396--400
[]\OT1/cmr/m/n/10 Topi, John R., Chris-tine S. Van-Pool, Kyle D. Waller, and Todd L. Van-
 []


Underfull \hbox (badness 7362) in paragraph at lines 396--400
\OT1/cmr/m/n/10 Pool. 2017. ``The Econ-omy of Spe-cial-ized Ce-ramic Craft Pro-duc-tion in the
 []


Underfull \hbox (badness 10000) in paragraph at lines 396--400
\OT1/cmr/m/n/10 Casas Grandes Re-gion.'' \OT1/cmr/m/it/10 Latin Amer-i-can An-tiq-uity \OT1/cmr/m/n/10 29 (1): 122--142. []$\OT1/cmtt/m/n/10 https :
 []


Underfull \hbox (badness 10000) in paragraph at lines 396--400
\OT1/cmtt/m/n/10 / / www . cambridge . org / core / journals / latin-[]american-[]antiquity / article /
 []


Overfull \hbox (6.94655pt too wide) in paragraph at lines 396--400
\OT1/cmtt/m/n/10 economy-[]of-[]specialized-[]ceramic-[]craft-[]production-[]in-[]the-[]casas-[]grandes-[]region /
 []

[20]
Underfull \hbox (badness 10000) in paragraph at lines 425--429
[]\OT1/cmr/m/n/10 Wauters, Valen-tine. 2016. ``Im-pe-rial Needs, Im-pe-rial Meth-ods: Chim^^Su Ce-
 []


Underfull \hbox (badness 10000) in paragraph at lines 425--429
\OT1/cmr/m/n/10 ramic Man-u-fac-tur-ing Pro-cess Through CT Scan Anal-y-sis of Stirrup-
 []


Underfull \hbox (badness 10000) in paragraph at lines 425--429
\OT1/cmr/m/n/10 Spout Bot-tles.'' \OT1/cmr/m/it/10 Latin Amer-i-can An-tiq-uity \OT1/cmr/m/n/10 27 (2): 238--256. []$\OT1/cmtt/m/n/10 https : / / www .
 []


Underfull \hbox (badness 10000) in paragraph at lines 425--429
\OT1/cmtt/m/n/10 cambridge . org / core / journals / latin-[]american-[]antiquity / article / abs /
 []


Overfull \hbox (224.19467pt too wide) in paragraph at lines 425--429
\OT1/cmtt/m/n/10 imperial-[]needs-[]imperial-[]methods-[]chimu-[]ceramic-[]manufacturing-[]process-[]through-[]ct-[]scan-[]analysis-[]of-[]stirrupspout-[]bottles /
 []


Underfull \hbox (badness 10000) in paragraph at lines 431--434
[]\OT1/cmr/m/n/10 Willey, Gor-don R. 1945. ``Hori-zon Styles and Pot-tery Tra-di-tions in Pe-
 []


Underfull \hbox (badness 10000) in paragraph at lines 431--434
\OT1/cmr/m/n/10 ru-vian Ar-chae-ol-ogy.'' \OT1/cmr/m/it/10 Amer-i-can An-tiq-uity \OT1/cmr/m/n/10 11 (1): 49--56. []$\OT1/cmtt/m/n/10 https : / /
 []


Underfull \hbox (badness 10000) in paragraph at lines 431--434
\OT1/cmtt/m/n/10 www . cambridge . org / core / journals / american-[]antiquity / article / abs /
 []


Underfull \hbox (badness 10000) in paragraph at lines 431--434
\OT1/cmtt/m/n/10 horizon-[]styles-[]and-[]pottery-[]traditions-[]in-[]peruvian-[]archaeology /
 []

) (./appendix.tex) [21] (./ms.aux)

LaTeX Font Warning: Size substitutions with differences
(Font)              up to 1.0pt have occurred.

Package rerunfilecheck Info: File `ms.out' has not changed.
(rerunfilecheck)             Checksum: ACDF86E5993FA8B8A4BC51FEAB951382;3916.
 ) 
Here is how much of TeX's memory you used:
 11244 strings out of 476931
 177569 string characters out of 5823518
 530613 words of memory out of 5000000
 32179 multiletter control sequences out of 15000+600000
 480622 words of font info for 73 fonts, out of 8000000 for 9000
 14 hyphenation exceptions out of 8191
 85i,7n,90p,674b,698s stack positions out of 10000i,1000n,20000p,200000b,200000s
<c:/Users/seldenjrz/AppData/Roaming/TinyTeX/texmf-dist/fonts/type1/public/amsfonts/cm/cmbx10.pfb><c:/Users/seldenjrz/AppData/Roaming/TinyTeX/texmf-dist/fonts/type1/public/amsfonts/cm/cmbx12.pfb><c:/Users/seldenjrz/AppData/Roaming/TinyTeX/texmf-dist/fonts/type1/public/amsfonts/cm/cmbx8.pfb><c:/Users/seldenjrz/AppData/Roaming/TinyTeX/texmf-dist/fonts/type1/public/amsfonts/cm/cmbx9.pfb><c:/Users/seldenjrz/AppData/Roaming/TinyTeX/texmf-dist/fonts/type1/public/amsfonts/cm/cmbxti10.pfb><c:/Users/seldenjrz/AppData/Roaming/TinyTeX/texmf-dist/fonts/type1/public/amsfonts/cm/cmmi10.pfb><c:/Users/seldenjrz/AppData/Roaming/TinyTeX/texmf-dist/fonts/type1/public/amsfonts/cm/cmmi7.pfb><c:/Users/seldenjrz/AppData/Roaming/TinyTeX/texmf-dist/fonts/type1/public/amsfonts/cm/cmmi8.pfb><c:/Users/seldenjrz/AppData/Roaming/TinyTeX/texmf-dist/fonts/type1/public/amsfonts/cm/cmr10.pfb><c:/Users/seldenjrz/AppData/Roaming/TinyTeX/texmf-dist/fonts/type1/public/amsfonts/cm/cmr12.pfb><c:/Users/seldenjrz/AppData/Roaming/TinyTeX/texmf-dist/fonts/type1/public/amsfonts/cm/cmr8.pfb><c:/Users/seldenjrz/AppData/Roaming/TinyTeX/texmf-dist/fonts/type1/public/amsfonts/cm/cmr9.pfb><c:/Users/seldenjrz/AppData/Roaming/TinyTeX/texmf-dist/fonts/type1/public/amsfonts/cm/cmti10.pfb><c:/Users/seldenjrz/AppData/Roaming/TinyTeX/texmf-dist/fonts/type1/public/amsfonts/cm/cmti9.pfb><c:/Users/seldenjrz/AppData/Roaming/TinyTeX/texmf-dist/fonts/type1/public/amsfonts/cm/cmtt10.pfb><c:/Users/seldenjrz/AppData/Roaming/TinyTeX/texmf-dist/fonts/type1/public/amsfonts/cm/cmtt8.pfb>
Output written on ms.pdf (21 pages, 7176421 bytes).
PDF statistics:
 732 PDF objects out of 1000 (max. 8388607)
 665 compressed objects within 7 object streams
 144 named destinations out of 1000 (max. 500000)
 173 words of extra memory for PDF output out of 10000 (max. 10000000)

